<?xml version="1.0" encoding="UTF-8"?>
<!-- Generated by org.testng.reporters.JUnitReportReporter -->
<testsuite skipped="0" hostname="Apples-MacBook-Pro.local" name="tests.WindowHandle" tests="1" failures="0" timestamp="2020-09-01T15:20:10 ICT" time="23.451" errors="0">
  <testcase name="newTabHandle" time="23.451" classname="tests.WindowHandle"/>
  <system-out/>
</testsuite> <!-- tests.WindowHandle -->
