<?xml version="1.0" encoding="UTF-8"?>
<!-- Generated by org.testng.reporters.JUnitReportReporter -->
<testsuite skipped="0" hostname="Apples-MacBook-Pro.local" name="tests.Checkbox" tests="1" failures="0" timestamp="2020-07-03T10:30:43 ICT" time="7.528" errors="0">
  <testcase name="checkCheckBox" time="7.528" classname="tests.Checkbox"/>
  <system-out/>
</testsuite> <!-- tests.Checkbox -->
