<?xml version="1.0" encoding="UTF-8"?>
<!-- Generated by org.testng.reporters.JUnitReportReporter -->
<testsuite skipped="0" hostname="Apples-MacBook-Pro.local" name="tests.Login" tests="6" failures="0" timestamp="2020-06-26T14:20:58 ICT" time="28.031" errors="0">
  <testcase name="loginWithSortID" time="5.169" classname="tests.Login"/>
  <system-out/>
  <testcase name="loginWithSortID" time="2.801" classname="tests.Login"/>
  <system-out/>
  <testcase name="login" time="5.093" classname="tests.Login"/>
  <system-out/>
  <testcase name="login" time="4.557" classname="tests.Login"/>
  <system-out/>
  <testcase name="login" time="4.969" classname="tests.Login"/>
  <system-out/>
  <testcase name="login" time="5.442" classname="tests.Login"/>
  <system-out/>
</testsuite> <!-- tests.Login -->
