<?xml version="1.0" encoding="UTF-8"?>
<!-- Generated by org.testng.reporters.JUnitReportReporter -->
<testsuite skipped="0" hostname="Apples-MacBook-Pro.local" name="tests.ProgressBar" tests="1" failures="0" timestamp="2020-09-21T13:58:23 ICT" time="15.043" errors="0">
  <testcase name="runProgressBar" time="15.043" classname="tests.ProgressBar"/>
  <system-out/>
</testsuite> <!-- tests.ProgressBar -->
