<?xml version="1.0" encoding="UTF-8"?>
<!-- Generated by org.testng.reporters.JUnitReportReporter -->
<testsuite skipped="0" hostname="Apples-MacBook-Pro.local" name="login" tests="1" failures="0" timestamp="2020-06-26T09:11:52 ICT" time="14.224" errors="0">
  <testcase name="loginSuccess" time="14.224" classname="login"/>
  <system-out/>
</testsuite> <!-- login -->
