<?xml version="1.0" encoding="UTF-8"?>
<!-- Generated by org.testng.reporters.JUnitReportReporter -->
<testsuite skipped="0" hostname="Apples-MacBook-Pro.local" name="tests.DatePicker2" tests="4" failures="0" timestamp="2020-10-20T09:04:08 ICT" time="79.586" errors="0">
  <testcase name="selectDate2" time="19.798" classname="tests.DatePicker2"/>
  <system-out/>
  <testcase name="selectDate2" time="19.575" classname="tests.DatePicker2"/>
  <system-out/>
  <testcase name="selectDate2" time="20.778" classname="tests.DatePicker2"/>
  <system-out/>
  <testcase name="selectDate2" time="19.435" classname="tests.DatePicker2"/>
  <system-out/>
</testsuite> <!-- tests.DatePicker2 -->
