<?xml version="1.0" encoding="UTF-8"?>
<!-- Generated by org.testng.reporters.JUnitReportReporter -->
<testsuite skipped="0" hostname="Apples-MacBook-Pro.local" name="tests.Slide" tests="1" failures="0" timestamp="2020-09-04T17:17:37 ICT" time="18.342" errors="0">
  <testcase name="slide" time="18.342" classname="tests.Slide"/>
  <system-out/>
</testsuite> <!-- tests.Slide -->
