<?xml version="1.0" encoding="UTF-8"?>
<!-- Generated by org.testng.reporters.JUnitReportReporter -->
<testsuite skipped="0" hostname="Apples-MacBook-Pro.local" name="tests.SwitchFrame" tests="1" failures="0" timestamp="2020-07-07T14:36:26 ICT" time="12.362" errors="0">
  <testcase name="getTxtFrameOldCp" time="12.362" classname="tests.SwitchFrame"/>
  <system-out/>
</testsuite> <!-- tests.SwitchFrame -->
