<?xml version="1.0" encoding="UTF-8"?>
<!-- Generated by org.testng.reporters.JUnitReportReporter -->
<testsuite skipped="0" hostname="Apples-MacBook-Pro.local" name="tests.Calculator" tests="5" failures="0" timestamp="2020-06-30T11:49:56 ICT" time="52.136" errors="0">
  <testcase name="calculator" time="9.177" classname="tests.Calculator"/>
  <system-out/>
  <testcase name="calculator" time="7.502" classname="tests.Calculator"/>
  <system-out/>
  <testcase name="calculator" time="10.492" classname="tests.Calculator"/>
  <system-out/>
  <testcase name="calculator" time="17.552" classname="tests.Calculator"/>
  <system-out/>
  <testcase name="calculator" time="7.413" classname="tests.Calculator"/>
  <system-out/>
</testsuite> <!-- tests.Calculator -->
