<?xml version="1.0" encoding="UTF-8"?>
<!-- Generated by org.testng.reporters.JUnitReportReporter -->
<testsuite skipped="0" hostname="Apples-MacBook-Pro.local" name="profile" tests="15" failures="0" timestamp="2020-06-25T16:14:54 ICT" time="101.661" errors="0">
  <testcase name="updateFull01" time="8.346" classname="profile"/>
  <system-out/>
  <testcase name="updateFull01" time="6.692" classname="profile"/>
  <system-out/>
  <testcase name="updateFull01" time="6.667" classname="profile"/>
  <system-out/>
  <testcase name="updateFull01" time="6.250" classname="profile"/>
  <system-out/>
  <testcase name="updateFull01" time="5.986" classname="profile"/>
  <system-out/>
  <testcase name="updateFull01" time="7.635" classname="profile"/>
  <system-out/>
  <testcase name="updateFull01" time="6.696" classname="profile"/>
  <system-out/>
  <testcase name="updateFull01" time="6.556" classname="profile"/>
  <system-out/>
  <testcase name="updateFull01" time="6.661" classname="profile"/>
  <system-out/>
  <testcase name="updateFull01" time="6.567" classname="profile"/>
  <system-out/>
  <testcase name="updateFull01" time="6.468" classname="profile"/>
  <system-out/>
  <testcase name="updateFull01" time="6.915" classname="profile"/>
  <system-out/>
  <testcase name="updateFull01" time="6.474" classname="profile"/>
  <system-out/>
  <testcase name="updateFull01" time="7.204" classname="profile"/>
  <system-out/>
  <testcase name="updateFull01" time="6.544" classname="profile"/>
  <system-out/>
</testsuite> <!-- profile -->
