<?xml version="1.0" encoding="UTF-8"?>
<!-- Generated by org.testng.reporters.JUnitReportReporter -->
<testsuite skipped="0" hostname="Apples-MacBook-Pro.local" name="tests.AutoComplete" tests="1" failures="0" timestamp="2020-09-17T15:24:42 ICT" time="13.890" errors="0">
  <testcase name="autoComplete" time="13.890" classname="tests.AutoComplete"/>
  <system-out/>
</testsuite> <!-- tests.AutoComplete -->
