<?xml version="1.0" encoding="UTF-8"?>
<!-- Generated by org.testng.reporters.JUnitReportReporter -->
<testsuite skipped="0" hostname="Apples-MacBook-Pro.local" name="tests.DatePicker" tests="4" failures="0" timestamp="2020-10-16T08:53:15 ICT" time="58.550" errors="0">
  <testcase name="selectDate" time="19.723" classname="tests.DatePicker"/>
  <system-out/>
  <testcase name="selectDate" time="13.100" classname="tests.DatePicker"/>
  <system-out/>
  <testcase name="selectDate" time="12.913" classname="tests.DatePicker"/>
  <system-out/>
  <testcase name="selectDate" time="12.814" classname="tests.DatePicker"/>
  <system-out/>
</testsuite> <!-- tests.DatePicker -->
