<?xml version="1.0" encoding="UTF-8"?>
<!-- Generated by org.testng.reporters.JUnitReportReporter -->
<testsuite skipped="0" hostname="Apples-MacBook-Pro.local" name="tests.Mouse" tests="2" failures="0" timestamp="2020-07-08T16:34:57 ICT" time="27.792" errors="0">
  <testcase name="movePictureInDragAndDropPage" time="18.043" classname="tests.Mouse"/>
  <system-out/>
  <testcase name="selectTooltipElement" time="9.749" classname="tests.Mouse"/>
  <system-out/>
</testsuite> <!-- tests.Mouse -->
