<?xml version="1.0" encoding="UTF-8"?>
<!-- Generated by org.testng.reporters.JUnitReportReporter -->
<testsuite skipped="0" hostname="Apples-MacBook-Pro.local" name="tests.DragAndDrop" tests="1" failures="0" timestamp="2020-07-07T09:49:00 ICT" time="6.634" errors="0">
  <testcase name="dragAndDropPrice" time="6.634" classname="tests.DragAndDrop"/>
  <system-out/>
</testsuite> <!-- tests.DragAndDrop -->
